8/14/2018 10:53:41 PM	This log contains information about the import schema operation into project 'LGSE_Database' on computer 'USER-PC' by user 'user'.
8/14/2018 10:53:41 PM	Import of database schema has started.
8/14/2018 10:53:55 PM	Gathering database credentials
8/14/2018 10:53:55 PM	Gathering database options
8/14/2018 10:53:55 PM	Gathering generic database scoped configuration option
8/14/2018 10:53:55 PM	Gathering users
8/14/2018 10:53:55 PM	Gathering roles
8/14/2018 10:53:55 PM	Gathering application roles
8/14/2018 10:53:55 PM	Gathering role memberships
8/14/2018 10:53:55 PM	Gathering filegroups
8/14/2018 10:53:55 PM	Gathering full-text catalogs
8/14/2018 10:53:55 PM	Gathering assemblies
8/14/2018 10:53:55 PM	Gathering certificates
8/14/2018 10:53:55 PM	Gathering asymmetric keys
8/14/2018 10:53:55 PM	Gathering symmetric keys
8/14/2018 10:53:55 PM	Gathering encrypted symmetric keys
8/14/2018 10:53:55 PM	Gathering schemas
8/14/2018 10:53:55 PM	Gathering XML schema collections
8/14/2018 10:53:55 PM	Gathering user-defined data types
8/14/2018 10:53:55 PM	Gathering user-defined types
8/14/2018 10:53:55 PM	Gathering table types
8/14/2018 10:53:55 PM	Gathering unique keys for table types
8/14/2018 10:53:55 PM	Gathering primary keys for table types
8/14/2018 10:53:55 PM	Gathering indexes for table types
8/14/2018 10:53:55 PM	Gathering check constraints for table types
8/14/2018 10:53:55 PM	Gathering default constraints for table types
8/14/2018 10:53:55 PM	Gathering partition functions
8/14/2018 10:53:55 PM	Gathering partition schemes
8/14/2018 10:53:55 PM	Gathering functions
8/14/2018 10:53:55 PM	Gathering encrypted functions
8/14/2018 10:53:55 PM	Gathering aggregates
8/14/2018 10:53:55 PM	Gathering procedures
8/14/2018 10:53:55 PM	Gathering encrypted procedures
8/14/2018 10:53:55 PM	Gathering tables
8/14/2018 10:53:56 PM	Gathering primary keys
8/14/2018 10:53:56 PM	Gathering unique constraints
8/14/2018 10:53:56 PM	Gathering foreign keys
8/14/2018 10:53:56 PM	Gathering default constraints
8/14/2018 10:53:56 PM	Gathering check constraints
8/14/2018 10:53:56 PM	Gathering views
8/14/2018 10:53:56 PM	Gathering encrypted views
8/14/2018 10:53:56 PM	Gathering indexes
8/14/2018 10:53:56 PM	Gathering statistics
8/14/2018 10:53:56 PM	Gathering full-text index stoplists
8/14/2018 10:53:56 PM	Gathering search property lists
8/14/2018 10:53:56 PM	Gathering search properties
8/14/2018 10:53:56 PM	Gathering full-text indexes
8/14/2018 10:53:56 PM	Gathering column store indexes
8/14/2018 10:53:56 PM	Gathering spatial indexes
8/14/2018 10:54:03 PM	Gathering XML indexes
8/14/2018 10:54:03 PM	Gathering Selective XML indexes
8/14/2018 10:54:03 PM	Gathering encrypted triggers
8/14/2018 10:54:03 PM	Gathering triggers
8/14/2018 10:54:03 PM	Gathering encrypted and clr ddl triggers
8/14/2018 10:54:03 PM	Gathering ddl triggers
8/14/2018 10:54:03 PM	Gathering synonyms
8/14/2018 10:54:03 PM	Gathering defaults
8/14/2018 10:54:03 PM	Gathering data constraint uddt bindings
8/14/2018 10:54:03 PM	Gathering rules
8/14/2018 10:54:03 PM	Gathering data constraint uddt bindings
8/14/2018 10:54:03 PM	Gathering message types
8/14/2018 10:54:03 PM	Gathering queues
8/14/2018 10:54:03 PM	Gathering contracts
8/14/2018 10:54:03 PM	Gathering services
8/14/2018 10:54:04 PM	Gathering event notifications
8/14/2018 10:54:04 PM	Gathering remote service bindings
8/14/2018 10:54:04 PM	Gathering broker priorities
8/14/2018 10:54:04 PM	Gathering signatures
8/14/2018 10:54:04 PM	Gathering data compression options
8/14/2018 10:54:04 PM	Gathering sequence types
8/14/2018 10:54:04 PM	Gathering security policies
8/14/2018 10:54:04 PM	Gather column encryption keys
8/14/2018 10:54:04 PM	Gathering column master keys
8/14/2018 10:54:04 PM	Gathering external data sources
8/14/2018 10:54:04 PM	Gathering external file formats
8/14/2018 10:54:04 PM	Gathering external tables
8/14/2018 10:54:04 PM	Gathering extended properties
8/14/2018 10:54:04 PM	Gathering credentials
8/14/2018 10:54:04 PM	Gathering logins
8/14/2018 10:54:04 PM	Gathering server audits
8/14/2018 10:54:05 PM	Scanning project for duplicate elements
8/14/2018 10:54:05 PM	Finished duplicate element processing
8/14/2018 10:54:06 PM	Finished importing database.
8/14/2018 10:54:06 PM	A summary of the import was saved to the following location: C:\Professional\LCSE\Workspace\trunk\technical\src\database\LGSE_Database\LGSE_Database\Import Schema Logs\LGSE_Database_20180814052341.log
8/14/2018 10:54:06 PM	Click Finish to continue...
